GowinSynthesis start
Running parser ...
Analyzing Verilog file 'C:\PersonalProjects\FPGALearning\GowinEDA\blink\src\uart.v'
Compiling module 'uart_loopback'("C:\PersonalProjects\FPGALearning\GowinEDA\blink\src\uart.v":177)
Compiling module 'uart_tx'("C:\PersonalProjects\FPGALearning\GowinEDA\blink\src\uart.v":1)
Compiling module 'uart_rx'("C:\PersonalProjects\FPGALearning\GowinEDA\blink\src\uart.v":82)
NOTE  (EX0101) : Current top module is "uart_loopback"
[5%] Running netlist conversion ...
Running device independent optimization ...
[10%] Optimizing Phase 0 completed
[15%] Optimizing Phase 1 completed
[25%] Optimizing Phase 2 completed
Running inference ...
[30%] Inferring Phase 0 completed
[40%] Inferring Phase 1 completed
[50%] Inferring Phase 2 completed
[55%] Inferring Phase 3 completed
Running technical mapping ...
[60%] Tech-Mapping Phase 0 completed
[65%] Tech-Mapping Phase 1 completed
[75%] Tech-Mapping Phase 2 completed
[80%] Tech-Mapping Phase 3 completed
[90%] Tech-Mapping Phase 4 completed
[95%] Generate netlist file "C:\PersonalProjects\FPGALearning\GowinEDA\blink\impl\gwsynthesis\blink.vg" completed
[100%] Generate report file "C:\PersonalProjects\FPGALearning\GowinEDA\blink\impl\gwsynthesis\blink_syn.rpt.html" completed
GowinSynthesis finish
